<?xml version="1.0" encoding="UTF-8"?>
<!-- Generated by org.testng.reporters.JUnitReportReporter -->
<testsuite hostname="DESKTOP-EVK9GMC" failures="0" tests="1" name="com.testscripts.UpdateProffile" time="25.613" errors="0" timestamp="17 Feb 2021 09:48:32 GMT" skipped="0">
  <testcase classname="com.testscripts.UpdateProffile" name="updateProfile" time="25.613"/>
</testsuite> <!-- com.testscripts.UpdateProffile -->
